<?xml version="1.0" encoding="UTF-8"?>
<!-- Generated by org.testng.reporters.JUnitReportReporter -->
<testsuite hostname="DESKTOP-FHE9M60" failures="0" tests="1" name="TEST.MAIN" time="18.384" errors="0" timestamp="2021-02-16T22:58:17 CST" skipped="0">
  <testcase classname="TEST.MAIN" name="demo" time="18.384"/>
  <system-out/>
</testsuite> <!-- TEST.MAIN -->
